"../../../../../../Unreal Projects/CrystalCavern/Content/StarterContent/Materials/M_Basic_Wall.uasset" 0
"../../../../../../Unreal Projects/CrystalCavern/Content/StarterContent/Shapes/Shape_Sphere.uasset" 1
"../../../../../../Unreal Projects/CrystalCavern/Content/Sound/Interface/click.uasset" 2
"../../../../../../Unreal Projects/CrystalCavern/Content/Sound/Interface/hover.uasset" 3
"../../../../../../Unreal Projects/CrystalCavern/Content/Blueprints/UI/Images/CrystalCavernMenuBG.uasset" 4
"../../../../../../Unreal Projects/CrystalCavern/Content/Blueprints/UI/WB_HowToPlayMenu.uasset" 5
"../../../../../../Unreal Projects/CrystalCavern/Content/Sound/Effects/CrystalPickUp.uasset" 6
"../../../../../../Unreal Projects/CrystalCavern/Content/Sound/Effects/CrystalPickUp_Cue.uasset" 7
"../../../../../../Unreal Projects/CrystalCavern/Content/Blueprints/UI/WB_MainMenu.uasset" 8
"../../../../../../Unreal Projects/CrystalCavern/Content/Blueprints/UI/WB_PauseMenu.uasset" 9
"../../../../../../Unreal Projects/CrystalCavern/Content/Materials/M_BallDamage.uasset" 10
"../../../../../../Unreal Projects/CrystalCavern/Content/Materials/M_BallDamage_Inst.uasset" 11
"../../../../../../Unreal Projects/CrystalCavern/Content/StarterContent/Textures/T_MacroVariation.uasset" 12
"../../../../../../Unreal Projects/CrystalCavern/Content/StarterContent/Textures/T_Tech_Panel_N.uasset" 13
"../../../../../../Unreal Projects/CrystalCavern/Content/StarterContent/Textures/T_Tech_Panel_M.uasset" 14
"../../../../../../Unreal Projects/CrystalCavern/Content/StarterContent/Textures/T_Metal_Steel_D.uasset" 15
"../../../../../../Unreal Projects/CrystalCavern/Content/StarterContent/Materials/M_Tech_Panel.uasset" 16
"../../../Engine/Content/EditorBlueprintResources/StandardMacros.uasset" 17
"../../../../../../Unreal Projects/CrystalCavern/Content/Blueprints/Pawns/BP_PlayerPawn.uasset" 18
"../../../../../../Unreal Projects/CrystalCavern/Content/Blueprints/GameMode/BP_GameMode.uasset" 19
"../../../Engine/Content/EngineMaterials/T_Default_Material_Grid_N.uasset" 20
"../../../Engine/Content/EngineMaterials/T_Default_Material_Grid_M.uasset" 21
"../../../Engine/Content/Functions/Engine_MaterialFunctions01/Opacity/CameraDepthFade.uasset" 22
"../../../Engine/Content/EngineMaterials/WorldGridMaterial.uasset" 23
"../../../Engine/Content/ArtTools/RenderToTexture/Meshes/S_1_Unit_Plane.uasset" 24
"../../../Engine/Content/EngineMaterials/DefaultMaterial.uasset" 25
"../../../Engine/Content/BasicShapes/Cone.uasset" 26
"../../../Engine/Content/BasicShapes/Cube.uasset" 27
"../../../Engine/Content/BasicShapes/Plane.uasset" 28
"../../../Engine/Content/EditorLandscapeResources/DataLayer.uasset" 29
"../../../Engine/Content/EditorLandscapeResources/DefaultAlphaTexture.uasset" 30
"../../../Engine/Content/EditorMaterials/MAT_Groups_Toggle.uasset" 31
"../../../Engine/Content/EditorMaterials/MAT_Groups_Visibility.uasset" 32
"../../../Engine/Content/EditorMaterials/PreviewShadowIndicator.uasset" 33
"../../../Engine/Content/EditorMaterials/PreviewShadowIndicatorMaterial.uasset" 34
"../../../Engine/Content/EditorMaterials/MatineeGroups/MAT_ColorTrack.uasset" 35
"../../../Engine/Content/EditorMaterials/MatineeGroups/MAT_Groups_Anim.uasset" 36
"../../../Engine/Content/EditorMaterials/MatineeGroups/MAT_Groups_AudioMaster.uasset" 37
"../../../Engine/Content/EditorMaterials/MatineeGroups/MAT_Groups_Director.uasset" 38
"../../../Engine/Content/EditorMaterials/MatineeGroups/MAT_Groups_Event.uasset" 39
"../../../Engine/Content/EditorMaterials/MatineeGroups/MAT_Groups_Fade.uasset" 40
"../../../Engine/Content/EditorMaterials/MatineeGroups/MAT_Groups_Float.uasset" 41
"../../../Engine/Content/EditorMaterials/MatineeGroups/MAT_Groups_Move.uasset" 42
"../../../Engine/Content/EditorMaterials/MatineeGroups/MAT_Groups_Slomo.uasset" 43
"../../../Engine/Content/EditorMaterials/MatineeGroups/MAT_Groups_Sound.uasset" 44
"../../../Engine/Content/EditorMaterials/MatineeGroups/MAT_Groups_Vector.uasset" 45
"../../../Engine/Content/EditorMaterials/ParticleSystems/PSysThumbnail_NoImage.uasset" 46
"../../../Engine/Content/EditorMaterials/ParticleSystems/PSysThumbnail_OOD.uasset" 47
"../../../Engine/Content/EditorMaterials/Camera/CineMat.uasset" 48
"../../../Engine/Content/EditorMaterials/Camera/MI_CineMat_Rig.uasset" 49
"../../../Engine/Content/EditorMeshes/Camera/SM_CraneRig_Arm.uasset" 50
"../../../Engine/Content/EditorMeshes/Camera/SM_CraneRig_Base.uasset" 51
"../../../Engine/Content/EditorMeshes/Camera/SM_CraneRig_Body.uasset" 52
"../../../Engine/Content/EditorMeshes/Camera/SM_CraneRig_Mount.uasset" 53
"../../../Engine/Content/EditorMeshes/Camera/SM_RailRig_Mount.uasset" 54
"../../../Engine/Content/EditorMeshes/Camera/SM_RailRig_Track.uasset" 55
"../../../Engine/Content/EditorResources/BSPVertex.uasset" 56
"../../../Engine/Content/EditorResources/EmptyActor.uasset" 57
"../../../Engine/Content/EditorResources/S_Actor.uasset" 58
"../../../Engine/Content/EditorResources/S_Note.uasset" 59
"../../../Engine/Content/EditorResources/S_Solver.uasset" 60
"../../../Engine/Content/EditorResources/S_Terrain.uasset" 61
"../../../Engine/Content/EditorResources/S_Trigger.uasset" 62
"../../../Engine/Content/EditorResources/AudioIcons/S_AudioComponent_AutoActivate.uasset" 63
"../../../Engine/Content/EditorResources/LightIcons/S_LightError.uasset" 64
"../../../Engine/Content/EditorResources/SequenceRecorder/Countdown.uasset" 65
"../../../Engine/Content/EditorResources/SequenceRecorder/RecordingIndicator.uasset" 66
"../../../Engine/Content/EngineDamageTypes/DmgTypeBP_Environmental.uasset" 67
"../../../Engine/Content/EngineDebugMaterials/DebugEditorMaterial.uasset" 68
"../../../Engine/Content/EngineDebugMaterials/DebugMeshMaterial.uasset" 69
"../../../Engine/Content/EngineDebugMaterials/M_SimpleUnlitTranslucent.uasset" 70
"../../../Engine/Content/EngineDebugMaterials/VolumeToRender.uasset" 71
"../../../Engine/Content/Functions/Engine_MaterialFunctions02/Utility/CameraDirectionVector.uasset" 72
"../../../Engine/Content/EngineDebugMaterials/M_VolumeRenderSphereTracePP.uasset" 73
"../../../Engine/Content/Functions/Engine_MaterialFunctions01/Shading/ConvertFromDiffSpec.uasset" 74
"../../../Engine/Content/EngineDebugMaterials/VertexColorMaterial.uasset" 75
"../../../Engine/Content/EngineDebugMaterials/WireframeMaterial.uasset" 76
"../../../Engine/Content/EngineFonts/Faces/RobotoRegular.uasset" 77
"../../../Engine/Content/EngineFonts/Faces/RobotoLight.uasset" 78
"../../../Engine/Content/EngineFonts/Faces/RobotoItalic.uasset" 79
"../../../Engine/Content/EngineFonts/Faces/RobotoBoldItalic.uasset" 80
"../../../Engine/Content/EngineFonts/Faces/RobotoBold.uasset" 81
"../../../Engine/Content/EngineFonts/Faces/DroidSansFallback.uasset" 82
"../../../Engine/Content/EngineFonts/Roboto.uasset" 83
"../../../Engine/Content/EngineMaterials/BaseFlattenNormalMap.uasset" 84
"../../../Engine/Content/EngineMaterials/BaseFlattenGrayscaleMap.uasset" 85
"../../../Engine/Content/EngineMaterials/BaseFlattenEmissiveMap.uasset" 86
"../../../Engine/Content/EngineMaterials/BaseFlattenDiffuseMap.uasset" 87
"../../../Engine/Content/EngineMaterials/BaseFlattenMaterial.uasset" 88
"../../../Engine/Content/EngineMaterials/BlueNoise.uasset" 89
"../../../Engine/Content/EngineMaterials/DefaultBloomKernel.uasset" 90
"../../../Engine/Content/EngineMaterials/DefaultBokeh.uasset" 91
"../../../Engine/Content/EngineMaterials/DefaultDiffuse.uasset" 92
"../../../Engine/Content/EngineMaterials/DefaultDeferredDecalMaterial.uasset" 93
"../../../Engine/Content/EngineMaterials/DefaultLightFunctionMaterial.uasset" 94
"../../../Engine/Content/EngineMaterials/DefaultPhysicalMaterial.uasset" 95
"../../../Engine/Content/Functions/Engine_MaterialFunctions02/Utility/BreakOutFloat2Components.uasset" 96
"../../../Engine/Content/EngineMaterials/DefaultPostProcessMaterial.uasset" 97
"../../../Engine/Content/EngineFonts/RobotoDistanceField.uasset" 98
"../../../Engine/Content/EngineMaterials/DefaultTextMaterialOpaque.uasset" 99
"../../../Engine/Content/EngineMaterials/DefaultWhiteGrid.uasset" 100
"../../../Engine/Content/EngineMaterials/DefaultWhiteGrid_Low.uasset" 101
"../../../Engine/Content/EngineMaterials/EmissiveMeshMaterial.uasset" 102
"../../../Engine/Content/EngineMaterials/GizmoMaterial.uasset" 103
"../../../Engine/Content/EngineMaterials/Good64x64TilingNoiseHighFreq.uasset" 104
"../../../Engine/Content/EngineMaterials/MiniFont.uasset" 105
"../../../Engine/Content/EngineMaterials/InvalidLightmapSettings.uasset" 106
"../../../Engine/Content/EngineMaterials/M_InvalidLightmapSettings.uasset" 107
"../../../Engine/Content/Functions/Engine_MaterialFunctions02/WorldPositionOffset/CameraOffset.uasset" 108
"../../../Engine/Content/EngineMaterials/PhAT_JointLimitMaterial.uasset" 109
"../../../Engine/Content/EngineMaterials/PreintegratedSkinBRDF.uasset" 110
"../../../Engine/Content/EngineMaterials/RemoveSurfaceMaterial.uasset" 111
"../../../Engine/Content/EngineMaterials/WeightMapPlaceholderTexture.uasset" 112
"../../../Engine/Content/EngineResources/WhiteSquareTexture.uasset" 113
"../../../Engine/Content/EngineMaterials/Widget3DPassThrough.uasset" 114
"../../../Engine/Content/EngineMaterials/Widget3DPassThrough_Masked.uasset" 115
"../../../Engine/Content/EngineMaterials/Widget3DPassThrough_Opaque.uasset" 116
"../../../Engine/Content/EngineMaterials/Widget3DPassThrough_Masked_OneSided.uasset" 117
"../../../Engine/Content/EngineMaterials/Widget3DPassThrough_Opaque_OneSided.uasset" 118
"../../../Engine/Content/EngineMaterials/Widget3DPassThrough_Translucent.uasset" 119
"../../../Engine/Content/EngineMaterials/Widget3DPassThrough_Translucent_OneSided.uasset" 120
"../../../Engine/Content/EngineMeshes/Cylinder.uasset" 121
"../../../Engine/Content/EngineMeshes/Sphere.uasset" 122
"../../../Engine/Content/EngineResources/Black.uasset" 123
"../../../Engine/Content/EngineResources/DefaultTextureCube.uasset" 124
"../../../Engine/Content/EngineResources/DefaultVolumeTexture2D.uasset" 125
"../../../Engine/Content/EngineResources/DefaultVolumeTexture.uasset" 126
"../../../Engine/Content/EngineResources/GradientTexture0.uasset" 127
"../../../Engine/Content/EngineSky/VolumetricClouds/T_NoiseShape64.uasset" 128
"../../../Engine/Content/EngineSky/VolumetricClouds/T_VolumeNoiseShape64.uasset" 129
"../../../Engine/Content/EngineSky/VolumetricClouds/T_NoiseErosion.uasset" 130
"../../../Engine/Content/EngineSky/VolumetricClouds/T_VolumeNoiseErosion32.uasset" 131
"../../../Engine/Content/EngineSky/VolumetricClouds/CloudWeatherTexture.uasset" 132
"../../../Engine/Content/EngineSky/VolumetricClouds/CloudGradientTexture.uasset" 133
"../../../Engine/Content/Functions/Engine_MaterialFunctions02/Utility/MakeFloat2.uasset" 134
"../../../Engine/Content/EngineSky/VolumetricClouds/m_SimpleVolumetricCloud.uasset" 135
"../../../Engine/Content/EngineSky/VolumetricClouds/m_SimpleVolumetricCloud_Inst.uasset" 136
"../../../Engine/Content/EngineSounds/Master.uasset" 137
"../../../Engine/Content/Functions/Engine_MaterialFunctions01/Shading/PowerToRoughness.uasset" 138
"../../../Engine/Content/Maps/Templates/Thumbnails/Default.uasset" 139
"../../../Engine/Content/Maps/Templates/Thumbnails/VR-Basic.uasset" 140
"../../../Engine/Content/MobileResources/T_MobileControls_texture.uasset" 141
"../../../Engine/Content/MobileResources/T_MobileMenu2.uasset" 142
"../../../Engine/Content/MobileResources/HUD/AnalogHat.uasset" 143
"../../../Engine/Content/MobileResources/HUD/VirtualJoystick_Thumb.uasset" 144
"../../../Engine/Content/MobileResources/HUD/VirtualJoystick_Background.uasset" 145
"../../../Engine/Content/MobileResources/HUD/DefaultVirtualJoysticks.uasset" 146
"../../../Engine/Content/MobileResources/HUD/LeftVirtualJoystickOnly.uasset" 147
"../../../Engine/Content/MobileResources/HUD/MobileHUDButton1_off.uasset" 148
"../../../Engine/Content/MobileResources/HUD/MobileHUDButton1_on.uasset" 149
"../../../Engine/Content/MobileResources/HUD/MobileHUDButton2_off.uasset" 150
"../../../Engine/Content/MobileResources/HUD/MobileHUDButton2_on.uasset" 151
"../../../Engine/Content/MobileResources/HUD/MobileHUDButton3.uasset" 152
"../../../Engine/Content/MobileResources/HUD/MobileHUDButtonFire.uasset" 153
"../../../Engine/Content/MobileResources/HUD/MobileHUDDirectionPad.uasset" 154
"../../../Engine/Content/MobileResources/HUD/MobileHUDDirectionPad2.uasset" 155
"../../../Engine/Content/MobileResources/HUD/MobileHUDDirectionPad3.uasset" 156
"../../../Engine/Content/MobileResources/HUD/MobileHUDDirectionStick.uasset" 157
"../../../Engine/Content/MobileResources/HUD/T_Castle_ThumbstickInner.uasset" 158
"../../../Engine/Content/MobileResources/HUD/T_Castle_ThumbstickOutter.uasset" 159
"../../../Engine/Content/Tutorial/ContentIntroCurve.uasset" 160
"../../../Engine/Content/Tutorial/Basics/LevelEditorAttract.uasset" 161
"../../../Engine/Content/Tutorial/Basics/TutorialAssets/icon_tab_Levels_40x.uasset" 162
"../../../Engine/Content/Tutorial/Basics/LevelEditorOverview.uasset" 163
"../../../Engine/Content/VREditor/TransformGizmo/TranslucentTransformGizmoMaterial.uasset" 164
"../../../Engine/Content/VREditor/LaserPointer/VR_LaserPower_01.uasset" 165
"../../../Engine/Content/VREditor/TransformGizmo/TransformGizmoMaterial.uasset" 166
"../../../Engine/Content/VREditor/TransformGizmo/BoundingBoxCorner.uasset" 167
"../../../Engine/Content/VREditor/TransformGizmo/BoundingBoxEdge.uasset" 168
"../../../Engine/Content/VREditor/TransformGizmo/PlaneTranslationHandle.uasset" 169
"../../../Engine/Content/VREditor/TransformGizmo/Xray.uasset" 170
"../../../Engine/Content/VREditor/TransformGizmo/Main.uasset" 171
"../../../Engine/Content/VREditor/TransformGizmo/SM_Sequencer_Key.uasset" 172
"../../../Engine/Content/VREditor/TransformGizmo/SM_Sequencer_Node.uasset" 173
"../../Plugins/2D/Paper2D/Content/PlaceholderTextures/DummySpriteTexture.uasset" 174
"../../Plugins/2D/Paper2D/Content/DummySprite.uasset" 175
"../../Plugins/2D/Paper2D/Content/DefaultPaperTerrainMaterial.uasset" 176
"../../Plugins/2D/Paper2D/Content/DefaultSpriteMaterial.uasset" 177
"../../Plugins/2D/Paper2D/Content/MaskedUnlitSpriteMaterial.uasset" 178
"../../Plugins/2D/Paper2D/Content/OpaqueUnlitSpriteMaterial.uasset" 179
"../../../Engine/Content/Functions/Engine_MaterialFunctions02/Utility/BreakOutFloat3Components.uasset" 180
"../../Plugins/Editor/SpeedTreeImporter/Content/SpeedTree9/UnpackInteger3.uasset" 181
"../../Plugins/Editor/SpeedTreeImporter/Content/SpeedTree9/UnpackDirection.uasset" 182
"../../Plugins/Editor/SpeedTreeImporter/Content/SpeedTree9/game_wind_noise.uasset" 183
"../../../Engine/Content/Functions/Engine_MaterialFunctions02/SafeNormalize.uasset" 184
"../../Plugins/Editor/SpeedTreeImporter/Content/SpeedTree9/SpeedTreeWindMotion.uasset" 185
"../../Plugins/Editor/SpeedTreeImporter/Content/SpeedTree9/SpeedTreeBranchMotion.uasset" 186
"../../../Engine/Content/Functions/Engine_MaterialFunctions02/ObjectLocalBounds.uasset" 187
"../../../Engine/Content/Functions/Engine_MaterialFunctions02/UVs/BoundingBoxBased_0-1_UVW.uasset" 188
"../../Plugins/Editor/SpeedTreeImporter/Content/SpeedTree9/SpeedTreeWind.uasset" 189
"../../Plugins/Editor/SpeedTreeImporter/Content/SpeedTree9/SpeedTreeBillboard.uasset" 190
"../../../Engine/Content/EngineResources/DefaultTexture.uasset" 191
"../../Plugins/Editor/SpeedTreeImporter/Content/SpeedTree9/SpeedTreeBillboardMaster.uasset" 192
"../../Plugins/Editor/SpeedTreeImporter/Content/SpeedTree9/SpeedTreeCameraFacing.uasset" 193
"../../Plugins/Editor/SpeedTreeImporter/Content/SpeedTree9/SpeedTreeMaster.uasset" 194
"../../../Engine/Content/BasicShapes/Cylinder.uasset" 195
"../../../Engine/Content/ArtTools/RenderToTexture/Materials/Debug/M_Emissive_Color.uasset" 196
"../../Plugins/Lumin/MagicLeapPassableWorld/Content/MagicLeapARPinInfoActor.uasset" 197
"../../../Engine/Content/Functions/Engine_MaterialFunctions02/Utility/BreakOutFloat4Components.uasset" 198
"../../../Engine/Content/Functions/Engine_MaterialFunctions02/Utility/MakeFloat3.uasset" 199
"../../Plugins/Runtime/Oculus/OculusVR/Content/Materials/OculusMR_ChromaKey.uasset" 200
"../../Plugins/Runtime/Oculus/OculusVR/Content/Materials/OculusMR_OpaqueColoredMaterial.uasset" 201
"../../Plugins/Runtime/Oculus/OculusVR/Content/Materials/PokeAHoleMaterial.uasset" 202
"../../../../../../Unreal Projects/CrystalCavern/Content/StarterContent/HDRI/HDRI_Epic_Courtyard_Daylight.uasset" 203
"../../../../../../Unreal Projects/CrystalCavern/Content/Sound/Music/Crystal-Caverns.uasset" 204
"../../../../../../Unreal Projects/CrystalCavern/Content/Sound/Music/Crystal-Caverns_Cue.uasset" 205
"../../../../../../Unreal Projects/CrystalCavern/Content/Sound/Music/science_fiction_cold_howling_wind_blizzard.uasset" 206
"../../../../../../Unreal Projects/CrystalCavern/Content/Sound/Music/BackgoundAmbientSound.uasset" 207
"../../../../../../Unreal Projects/CrystalCavern/Content/StarterContent/Textures/T_Tech_Hex_Tile_N.uasset" 208
"../../../../../../Unreal Projects/CrystalCavern/Content/StarterContent/Textures/T_Tech_Hex_Tile_M.uasset" 209
"../../../Engine/Content/Functions/Engine_MaterialFunctions02/Utility/BlendAngleCorrectedNormals.uasset" 210
"../../../../../../Unreal Projects/CrystalCavern/Content/StarterContent/Materials/M_Tech_Hex_Tile.uasset" 211
"../../../../../../Unreal Projects/CrystalCavern/Content/StarterContent/Textures/T_Rock_Smooth_Granite_D.uasset" 212
"../../../../../../Unreal Projects/CrystalCavern/Content/StarterContent/Textures/T_Gradinet_01.uasset" 213
"../../../../../../Unreal Projects/CrystalCavern/Content/StarterContent/Textures/T_CobbleStone_Rough_N.uasset" 214
"../../../../../../Unreal Projects/CrystalCavern/Content/StarterContent/Textures/T_CobbleStone_Rough_D.uasset" 215
"../../../../../../Unreal Projects/CrystalCavern/Content/StarterContent/Materials/M_CobbleStone_Rough.uasset" 216
"../../../../../../Unreal Projects/CrystalCavern/Content/Maps/Cavern01_BuiltData.uasset" 217
"../../../../../../Unreal Projects/CrystalCavern/Content/Blueprints/Libraries/CC_MacroLibrary.uasset" 218
"../../../../../../Unreal Projects/CrystalCavern/Content/Materials/M_Crystal.uasset" 219
"../../../../../../Unreal Projects/CrystalCavern/Content/StarterContent/Shapes/Shape_QuadPyramid.uasset" 220
"../../../../../../Unreal Projects/CrystalCavern/Content/Blueprints/Actors/Collectables/BP_Crystal.uasset" 221
"../../../../../../Unreal Projects/CrystalCavern/Content/Sound/Music/Cyber-Dream-Loop.uasset" 222
"../../../../../../Unreal Projects/CrystalCavern/Content/Sound/Music/Cyber-Dream-Loop_Cue.uasset" 223
"../../../../../../Unreal Projects/CrystalCavern/Content/Blueprints/UI/WB_EndingScreen.uasset" 224
"../../../../../../Unreal Projects/CrystalCavern/Content/Blueprints/Actors/Volumes/BP_WinVolume.uasset" 225
"../../../../../../Unreal Projects/CrystalCavern/Content/Sound/Effects/whoosh_powerful_energy_pass.uasset" 226
"../../../../../../Unreal Projects/CrystalCavern/Content/Sound/Effects/whoosh_powerful_energy_pass_Cue.uasset" 227
"../../../../../../Unreal Projects/CrystalCavern/Content/StarterContent/Textures/T_Metal_Gold_N.uasset" 228
"../../../../../../Unreal Projects/CrystalCavern/Content/StarterContent/Textures/T_Rock_Marble_Polished_D.uasset" 229
"../../../../../../Unreal Projects/CrystalCavern/Content/StarterContent/Textures/T_Perlin_Noise_M.uasset" 230
"../../../../../../Unreal Projects/CrystalCavern/Content/Materials/M_Rock_Marble_PolishedCC.uasset" 231
"../../../../../../Unreal Projects/CrystalCavern/Content/Meshes/CheckPoint/SM_CheckPoint.uasset" 232
"../../../../../../Unreal Projects/CrystalCavern/Content/StarterContent/Textures/T_Spark_Core.uasset" 233
"../../../../../../Unreal Projects/CrystalCavern/Content/Materials/M_SparkCC.uasset" 234
"../../../../../../Unreal Projects/CrystalCavern/Content/Blueprints/Actors/Collectables/PS_Crystal.uasset" 235
"../../../../../../Unreal Projects/CrystalCavern/Content/Blueprints/Actors/Volumes/BP_CheckPoint.uasset" 236
"../../../../../../Unreal Projects/CrystalCavern/Content/Sound/Effects/projectile_launch.uasset" 237
"../../../../../../Unreal Projects/CrystalCavern/Content/Sound/Effects/projectile_launch_Cue.uasset" 238
"../../../../../../Unreal Projects/CrystalCavern/Content/StarterContent/Textures/T_Metal_Steel_N.uasset" 239
"../../../../../../Unreal Projects/CrystalCavern/Content/StarterContent/Materials/M_Metal_Steel.uasset" 240
"../../../../../../Unreal Projects/CrystalCavern/Content/Meshes/Cannon/Cannon_Base.uasset" 241
"../../../../../../Unreal Projects/CrystalCavern/Content/StarterContent/Textures/T_Metal_Aluminum_D.uasset" 242
"../../../../../../Unreal Projects/CrystalCavern/Content/StarterContent/Materials/M_Metal_Burnished_Steel.uasset" 243
"../../../../../../Unreal Projects/CrystalCavern/Content/Meshes/Cannon/Cannon.uasset" 244
"../../../../../../Unreal Projects/CrystalCavern/Content/StarterContent/Textures/T_Smoke_Tiled_D.uasset" 245
"../../../../../../Unreal Projects/CrystalCavern/Content/StarterContent/Textures/T_Smoke_SubUV.uasset" 246
"../../../../../../Unreal Projects/CrystalCavern/Content/StarterContent/Particles/Materials/M_smoke_subUV.uasset" 247
"../../../../../../Unreal Projects/CrystalCavern/Content/Blueprints/Actors/Weapons/PS_Smoke.uasset" 248
"../../../../../../Unreal Projects/CrystalCavern/Content/Blueprints/Actors/Projectiles/PS_Cannonball.uasset" 249
"../../../Engine/Content/BasicShapes/Sphere.uasset" 250
"../../../../../../Unreal Projects/CrystalCavern/Content/Materials/M_CannonBall.uasset" 251
"../../../../../../Unreal Projects/CrystalCavern/Content/Blueprints/Actors/Projectiles/BP_Projectile.uasset" 252
"../../../../../../Unreal Projects/CrystalCavern/Content/Blueprints/Actors/Weapons/BP_Cannon.uasset" 253
"../../../../../../Unreal Projects/CrystalCavern/Content/Maps/Cavern01.umap" 254
"../../../../../../Unreal Projects/CrystalCavern/Content/Sound/Music/Mystical-Ocean-Puzzle-Game_v001.uasset" 255
"../../../../../../Unreal Projects/CrystalCavern/Content/Sound/Music/Mystical-Ocean-Puzzle-Game_v001_Cue.uasset" 256
"../../../../../../Unreal Projects/CrystalCavern/Content/StarterContent/Textures/T_Water_N.uasset" 257
"../../../../../../Unreal Projects/CrystalCavern/Content/StarterContent/Materials/M_Water_Lake.uasset" 258
"../../../../../../Unreal Projects/CrystalCavern/Content/StarterContent/Textures/T_Concrete_Grime_D.uasset" 259
"../../../../../../Unreal Projects/CrystalCavern/Content/StarterContent/Textures/T_Metal_Rust_N.uasset" 260
"../../../../../../Unreal Projects/CrystalCavern/Content/StarterContent/Materials/M_Concrete_Grime.uasset" 261
"../../../../../../Unreal Projects/CrystalCavern/Content/StarterContent/Textures/T_Brick_Cut_Stone_N.uasset" 262
"../../../../../../Unreal Projects/CrystalCavern/Content/StarterContent/Textures/T_Brick_Cut_Stone_D.uasset" 263
"../../../../../../Unreal Projects/CrystalCavern/Content/StarterContent/Materials/M_Brick_Cut_Stone.uasset" 264
"../../../../../../Unreal Projects/CrystalCavern/Content/Materials/M-GlassCC.uasset" 265
"../../../../../../Unreal Projects/CrystalCavern/Content/Maps/Cavern02_BuiltData.uasset" 266
"../../../../../../Unreal Projects/CrystalCavern/Content/Blueprints/Actors/Volumes/BP_DamageVolume.uasset" 267
"../../../../../../Unreal Projects/CrystalCavern/Content/Maps/Cavern02.umap" 268
"../../../../../../Unreal Projects/CrystalCavern/Content/Sound/Music/Blob-Monsters-on-the-Loose.uasset" 269
"../../../../../../Unreal Projects/CrystalCavern/Content/Sound/Music/Blob-Monsters-on-the-Loose_Cue.uasset" 270
"../../../../../../Unreal Projects/CrystalCavern/Content/Sound/Effects/horror_swell_dark_eerie_cold_desolate_airy_56691.uasset" 271
"../../../../../../Unreal Projects/CrystalCavern/Content/Sound/Effects/OverPitAmbient.uasset" 272
"../../../../../../Unreal Projects/CrystalCavern/Content/Materials/M_Concrete_GrimeCC.uasset" 273
"../../../../../../Unreal Projects/CrystalCavern/Content/Maps/Cavern03_BuiltData.uasset" 274
"../../../../../../Unreal Projects/CrystalCavern/Content/Meshes/LevelImportTest/Wall_Floor_Section001_Floor.uasset" 275
"../../../../../../Unreal Projects/CrystalCavern/Content/Meshes/LevelImportTest/Wall_Floor_Section001_Wall_L.uasset" 276
"../../../../../../Unreal Projects/CrystalCavern/Content/Meshes/LevelImportTest/Wall_Floor_Section001_Wall_R.uasset" 277
"../../../../../../Unreal Projects/CrystalCavern/Content/StarterContent/Materials/M_Basic_Floor.uasset" 278
"../../../../../../Unreal Projects/CrystalCavern/Content/Meshes/LevelImportTest/BP_FloorSection001.uasset" 279
"../../../../../../Unreal Projects/CrystalCavern/Content/Maps/Cavern03.umap" 280
"../../../../../../Unreal Projects/CrystalCavern/Content/Sound/Music/And-the-Machines-Came-at-Midnight.uasset" 281
"../../../../../../Unreal Projects/CrystalCavern/Content/Sound/Music/And-the-Machines-Came-at-Midnight_Cue.uasset" 282
"../../../../../../Unreal Projects/CrystalCavern/Content/Maps/Menu_BuiltData.uasset" 283
"../../../../../../Unreal Projects/CrystalCavern/Content/Maps/Menu.umap" 284
"../../../Engine/Content/Maps/Entry_BuiltData.uasset" 285
"../../../Engine/Content/Maps/Entry.umap" 286
